# JRE version: OpenJDK Runtime Environment Temurin-21.0.7+6 (21.0.7+6) (build 21.0.7+6-LTS)
# Java VM: OpenJDK 64-Bit Server VM Temurin-21.0.7+6 (21.0.7+6-LTS, mixed mode, sharing, tiered, compressed oops, compressed class ptrs, g1 gc, windows-amd64)
GC Precious Log:
 CardTable entry size: 512
 Card Set container configuration: InlinePtr #cards 4 size 8 Array Of Cards #cards 16 size 48 Howl #buckets 8 coarsen threshold 3686 Howl Bitmap #cards 512 size 80 coarsen threshold 460 Card regions per heap region 1 cards per card region 4096
 CPUs: 12 total, 12 available
 Memory: 16052M
 Large Page Support: Disabled
 NUMA Support: Disabled
 Compressed Oops: Enabled (Zero based)
 Heap Region Size: 2M
 Heap Min Capacity: 8M
 Heap Initial Capacity: 252M
 Heap Max Capacity: 4014M
 Pre-touch: Disabled
 Parallel Workers: 10
 Concurrent Workers: 3
 Concurrent Refinement Workers: 10
 Periodic GC: Disabled
Heap:
 garbage-first heap   total 102400K, used 79437K [0x0000000705200000, 0x0000000800000000)
  region size 2048K, 27 young (55296K), 0 survivors (0K)
 Metaspace       used 75769K, committed 76672K, reserved 1179648K
  class space    used 9841K, committed 10240K, reserved 1048576K
GC Heap History (20 events):
Event: 5.005 GC heap before
{Heap before GC invocations=8 (full 0):
 garbage-first heap   total 157696K, used 25287K [0x0000000705200000, 0x0000000800000000)
  region size 2048K, 7 young (14336K), 4 survivors (8192K)
 Metaspace       used 35425K, committed 35968K, reserved 1114112K
  class space    used 4419K, committed 4672K, reserved 1048576K
}
Event: 5.015 GC heap after
{Heap after GC invocations=9 (full 0):
 garbage-first heap   total 157696K, used 21322K [0x0000000705200000, 0x0000000800000000)
  region size 2048K, 3 young (6144K), 3 survivors (6144K)
 Metaspace       used 35425K, committed 35968K, reserved 1114112K
  class space    used 4419K, committed 4672K, reserved 1048576K
}
Event: 5.537 GC heap before
{Heap before GC invocations=10 (full 0):
 garbage-first heap   total 75776K, used 74570K [0x0000000705200000, 0x0000000800000000)
  region size 2048K, 29 young (59392K), 3 survivors (6144K)
 Metaspace       used 40540K, committed 41152K, reserved 1114112K
  class space    used 5177K, committed 5440K, reserved 1048576K
}
Event: 5.542 GC heap after
{Heap after GC invocations=11 (full 0):
 garbage-first heap   total 83968K, used 22573K [0x0000000705200000, 0x0000000800000000)
  region size 2048K, 4 young (8192K), 4 survivors (8192K)
 Metaspace       used 40540K, committed 41152K, reserved 1114112K
  class space    used 5177K, committed 5440K, reserved 1048576K
}
Event: 5.899 GC heap before
{Heap before GC invocations=11 (full 0):
 garbage-first heap   total 83968K, used 63533K [0x0000000705200000, 0x0000000800000000)
  region size 2048K, 24 young (49152K), 4 survivors (8192K)
 Metaspace       used 44778K, committed 45312K, reserved 1114112K
  class space    used 5696K, committed 5952K, reserved 1048576K
}
Event: 5.905 GC heap after
{Heap after GC invocations=12 (full 0):
 garbage-first heap   total 102400K, used 23537K [0x0000000705200000, 0x0000000800000000)
  region size 2048K, 2 young (4096K), 2 survivors (4096K)
 Metaspace       used 44778K, committed 45312K, reserved 1114112K
  class space    used 5696K, committed 5952K, reserved 1048576K
}
Event: 6.817 GC heap before
{Heap before GC invocations=12 (full 0):
 garbage-first heap   total 102400K, used 80881K [0x0000000705200000, 0x0000000800000000)
  region size 2048K, 30 young (61440K), 2 survivors (4096K)
 Metaspace       used 53075K, committed 53632K, reserved 1114112K
  class space    used 6726K, committed 6976K, reserved 1048576K
}
Event: 6.822 GC heap after
{Heap after GC invocations=13 (full 0):
 garbage-first heap   total 102400K, used 26185K [0x0000000705200000, 0x0000000800000000)
  region size 2048K, 3 young (6144K), 3 survivors (6144K)
 Metaspace       used 53075K, committed 53632K, reserved 1114112K
  class space    used 6726K, committed 6976K, reserved 1048576K
}
Event: 7.350 GC heap before
{Heap before GC invocations=13 (full 0):
 garbage-first heap   total 102400K, used 79433K [0x0000000705200000, 0x0000000800000000)
  region size 2048K, 30 young (61440K), 3 survivors (6144K)
 Metaspace       used 59501K, committed 60096K, reserved 1114112K
  class space    used 7668K, committed 7936K, reserved 1048576K
}
Event: 7.356 GC heap after
{Heap after GC invocations=14 (full 0):
 garbage-first heap   total 102400K, used 26556K [0x0000000705200000, 0x0000000800000000)
  region size 2048K, 3 young (6144K), 3 survivors (6144K)
 Metaspace       used 59501K, committed 60096K, reserved 1114112K
  class space    used 7668K, committed 7936K, reserved 1048576K
}
Event: 7.373 GC heap before
{Heap before GC invocations=14 (full 0):
 garbage-first heap   total 102400K, used 26556K [0x0000000705200000, 0x0000000800000000)
  region size 2048K, 4 young (8192K), 3 survivors (6144K)
 Metaspace       used 59642K, committed 60160K, reserved 1114112K
  class space    used 7699K, committed 7936K, reserved 1048576K
}
Event: 7.378 GC heap after
{Heap after GC invocations=15 (full 0):
 garbage-first heap   total 102400K, used 26715K [0x0000000705200000, 0x0000000800000000)
  region size 2048K, 2 young (4096K), 2 survivors (4096K)
 Metaspace       used 59642K, committed 60160K, reserved 1114112K
  class space    used 7699K, committed 7936K, reserved 1048576K
}
Event: 7.792 GC heap before
{Heap before GC invocations=16 (full 0):
 garbage-first heap   total 96256K, used 79963K [0x0000000705200000, 0x0000000800000000)
  region size 2048K, 28 young (57344K), 2 survivors (4096K)
 Metaspace       used 64531K, committed 65152K, reserved 1114112K
  class space    used 8420K, committed 8704K, reserved 1048576K
}
Event: 7.796 GC heap after
{Heap after GC invocations=17 (full 0):
 garbage-first heap   total 96256K, used 28360K [0x0000000705200000, 0x0000000800000000)
  region size 2048K, 3 young (6144K), 3 survivors (6144K)
 Metaspace       used 64531K, committed 65152K, reserved 1114112K
  class space    used 8420K, committed 8704K, reserved 1048576K
}
Event: 8.513 GC heap before
{Heap before GC invocations=17 (full 0):
 garbage-first heap   total 96256K, used 77512K [0x0000000705200000, 0x0000000800000000)
  region size 2048K, 28 young (57344K), 3 survivors (6144K)
 Metaspace       used 69149K, committed 69888K, reserved 1114112K
  class space    used 9032K, committed 9344K, reserved 1048576K
}
Event: 8.520 GC heap after
{Heap after GC invocations=18 (full 0):
 garbage-first heap   total 116736K, used 31402K [0x0000000705200000, 0x0000000800000000)
  region size 2048K, 3 young (6144K), 3 survivors (6144K)
 Metaspace       used 69149K, committed 69888K, reserved 1114112K
  class space    used 9032K, committed 9344K, reserved 1048576K
}
Event: 148.484 GC heap before
{Heap before GC invocations=18 (full 0):
 garbage-first heap   total 116736K, used 94890K [0x0000000705200000, 0x0000000800000000)
  region size 2048K, 34 young (69632K), 3 survivors (6144K)
 Metaspace       used 74906K, committed 75712K, reserved 1179648K
  class space    used 9800K, committed 10176K, reserved 1048576K
}
Event: 148.511 GC heap after
{Heap after GC invocations=19 (full 0):
 garbage-first heap   total 116736K, used 33987K [0x0000000705200000, 0x0000000800000000)
  region size 2048K, 4 young (8192K), 4 survivors (8192K)
 Metaspace       used 74906K, committed 75712K, reserved 1179648K
  class space    used 9800K, committed 10176K, reserved 1048576K
}
Event: 283.368 GC heap before
{Heap before GC invocations=19 (full 0):
 garbage-first heap   total 116736K, used 40131K [0x0000000705200000, 0x0000000800000000)
  region size 2048K, 8 young (16384K), 4 survivors (8192K)
 Metaspace       used 75053K, committed 75840K, reserved 1179648K
  class space    used 9823K, committed 10176K, reserved 1048576K
}
Event: 283.405 GC heap after
{Heap after GC invocations=20 (full 1):
 garbage-first heap   total 102400K, used 28237K [0x0000000705200000, 0x0000000800000000)
  region size 2048K, 0 young (0K), 0 survivors (0K)
 Metaspace       used 75053K, committed 75840K, reserved 1179648K
  class space    used 9823K, committed 10176K, reserved 1048576K
}

